[belsis.store/index.html]
[backblue.gif]
[fade.gif]
[index.html]
[belsis.store/assets/images/sex.png]
[belsis.store/adsoyad.html]
[belsis.store/tcsorgu.html]
[belsis.store/gsmtc.html]
[belsis.store/tcgsm.html]
[belsis.store/adres.html]
[belsis.store/hane.html]
[belsis.store/sokak.html]
[belsis.store/tapu.html]
[belsis.store/aile.html]
[belsis.store/sülale.php]
[belsis.store/eokulvesika.html]
[belsis.store/pay.html]
[belsis.store/index.html]
[belsis.store/adsoyad.html]
[belsis.store/tcsorgu.html]
[belsis.store/gsmtc.html]
[belsis.store/tcgsm.html]
[belsis.store/adres.html]
[belsis.store/hane.html]
[belsis.store/sokak.html]
[belsis.store/tapu.html]
[belsis.store/aile.html]
[belsis.store/sülale.html]
[belsis.store/eokulvesika.html]
[belsis.store/index-2.html]
[belsis.store/telegram.php]
[belsis.store/assets/images/sex.gif]
[belsis.store/anasayfa]
[belsis.store/pay.html]
[belsis.store/index-2.html]
[belsis.store/telegram.html]
[belsis.store/anasayfa.html]
